<?xml version="1.0" encoding="utf-8" standalone="no"?>
<test-results xmlns:xsi="http://www.w3.org/2001/XMLSchema-instance" xsi:noNamespaceSchemaLocation="nunit_schema_2.5.xsd" name="Pester" total="308" errors="0" failures="1" not-run="0" inconclusive="0" ignored="0" skipped="0" invalid="0" date="2022-07-21" time="17:52:44">
  <environment clr-version="4.0.30319.42000" user-domain="AA" cwd="D:\DSC\try16\DscWorkshop\DSC" platform="Microsoft Windows Server 2019 Standard|C:\Windows|\Device\Harddisk0\Partition4" machine-name="V26267NCSP502" nunit-version="2.5.8.0" os-version="10.0.17763" user="kevin.weinrich" />
  <culture-info current-culture="en-US" current-uiculture="en-US" />
  <test-suite type="TestFixture" name="Pester" executed="True" result="Failure" success="False" time="11.4907" asserts="0" description="Pester">
    <results>
      <test-suite type="TestFixture" name="D:\DSC\try16\DscWorkshop\DSC\Tests\ConfigData\ConfigData.Tests.ps1" executed="True" result="Failure" success="False" time="11.4907" asserts="0" description="D:\DSC\try16\DscWorkshop\DSC\Tests\ConfigData\ConfigData.Tests.ps1">
        <results>
          <test-suite type="TestFixture" name="Validate All Definition Files" executed="True" result="Failure" success="False" time="9.1859" asserts="0" description="Validate All Definition Files">
            <results>
              <test-case description="'rtpbuild02.yml' is a valid yaml" name="Validate All Definition Files.'rtpbuild02.yml' is a valid yaml" time="0.0939" asserts="0" success="True" result="Success" executed="True" />
              <test-case description="'a26267rith001.yml' is a valid yaml" name="Validate All Definition Files.'a26267rith001.yml' is a valid yaml" time="0.019" asserts="0" success="True" result="Success" executed="True" />
              <test-case description="'q2626xmnay011.yml' is a valid yaml" name="Validate All Definition Files.'q2626xmnay011.yml' is a valid yaml" time="0.016" asserts="0" success="True" result="Success" executed="True" />
              <test-case description="'q2626xmnay012.yml' is a valid yaml" name="Validate All Definition Files.'q2626xmnay012.yml' is a valid yaml" time="0.0756" asserts="0" success="True" result="Success" executed="True" />
              <test-case description="'rtpbuild02.yml' is a valid yaml" name="Validate All Definition Files.'rtpbuild02.yml' is a valid yaml" time="0.0257" asserts="0" success="True" result="Success" executed="True" />
              <test-case description="'v26267mcec521.yml' is a valid yaml" name="Validate All Definition Files.'v26267mcec521.yml' is a valid yaml" time="0.0278" asserts="0" success="True" result="Success" executed="True" />
              <test-case description="'v26267mcec522.yml' is a valid yaml" name="Validate All Definition Files.'v26267mcec522.yml' is a valid yaml" time="0.0276" asserts="0" success="True" result="Success" executed="True" />
              <test-case description="'v26267ncpk526.yml' is a valid yaml" name="Validate All Definition Files.'v26267ncpk526.yml' is a valid yaml" time="0.0267" asserts="0" success="True" result="Success" executed="True" />
              <test-case description="'v26267ncsp524.yml' is a valid yaml" name="Validate All Definition Files.'v26267ncsp524.yml' is a valid yaml" time="0.0267" asserts="0" success="True" result="Success" executed="True" />
              <test-case description="'a26265rims500.yml' is a valid yaml" name="Validate All Definition Files.'a26265rims500.yml' is a valid yaml" time="0.0274" asserts="0" success="True" result="Success" executed="True" />
              <test-case description="'a26267rihh602.yml' is a valid yaml" name="Validate All Definition Files.'a26267rihh602.yml' is a valid yaml" time="0.075" asserts="0" success="True" result="Success" executed="True" />
              <test-case description="'a26267rith602.yml' is a valid yaml" name="Validate All Definition Files.'a26267rith602.yml' is a valid yaml" time="0.0218" asserts="0" success="True" result="Success" executed="True" />
              <test-case description="'a2626xridz001.yml' is a valid yaml" name="Validate All Definition Files.'a2626xridz001.yml' is a valid yaml" time="0.0244" asserts="0" success="True" result="Success" executed="True" />
              <test-case description="'a2626xriec001.yml' is a valid yaml" name="Validate All Definition Files.'a2626xriec001.yml' is a valid yaml" time="0.0185" asserts="0" success="True" result="Success" executed="True" />
              <test-case description="'a2626xriec502.yml' is a valid yaml" name="Validate All Definition Files.'a2626xriec502.yml' is a valid yaml" time="0.0162" asserts="0" success="True" result="Success" executed="True" />
              <test-case description="'a2626xrith004.yml' is a valid yaml" name="Validate All Definition Files.'a2626xrith004.yml' is a valid yaml" time="0.0171" asserts="0" success="True" result="Success" executed="True" />
              <test-case description="'adabuild01.yml' is a valid yaml" name="Validate All Definition Files.'adabuild01.yml' is a valid yaml" time="0.0169" asserts="0" success="True" result="Success" executed="True" />
              <test-case description="'cinbuild01.yml' is a valid yaml" name="Validate All Definition Files.'cinbuild01.yml' is a valid yaml" time="0.0629" asserts="0" success="True" result="Success" executed="True" />
              <test-case description="'corbuild01.yml' is a valid yaml" name="Validate All Definition Files.'corbuild01.yml' is a valid yaml" time="0.0242" asserts="0" success="True" result="Success" executed="True" />
              <test-case description="'corbuild02.yml' is a valid yaml" name="Validate All Definition Files.'corbuild02.yml' is a valid yaml" time="0.0231" asserts="0" success="True" result="Success" executed="True" />
              <test-case description="'dulbuild01.yml' is a valid yaml" name="Validate All Definition Files.'dulbuild01.yml' is a valid yaml" time="0.026" asserts="0" success="True" result="Success" executed="True" />
              <test-case description="'f26267okhh601.yml' is a valid yaml" name="Validate All Definition Files.'f26267okhh601.yml' is a valid yaml" time="0.0265" asserts="0" success="True" result="Success" executed="True" />
              <test-case description="'f2626cokdz001.yml' is a valid yaml" name="Validate All Definition Files.'f2626cokdz001.yml' is a valid yaml" time="0.0274" asserts="0" success="True" result="Success" executed="True" />
              <test-case description="'f2626cokdz002.yml' is a valid yaml" name="Validate All Definition Files.'f2626cokdz002.yml' is a valid yaml" time="0.0229" asserts="0" success="True" result="Success" executed="True" />
              <test-case description="'f2626cokec001.yml' is a valid yaml" name="Validate All Definition Files.'f2626cokec001.yml' is a valid yaml" time="0.0247" asserts="0" success="True" result="Success" executed="True" />
              <test-case description="'f2626cokec501.yml' is a valid yaml" name="Validate All Definition Files.'f2626cokec501.yml' is a valid yaml" time="0.0239" asserts="0" success="True" result="Success" executed="True" />
              <test-case description="'gbrbuild01.yml' is a valid yaml" name="Validate All Definition Files.'gbrbuild01.yml' is a valid yaml" time="0.0223" asserts="0" success="True" result="Success" executed="True" />
              <test-case description="'h26265ohms500.yml' is a valid yaml" name="Validate All Definition Files.'h26265ohms500.yml' is a valid yaml" time="0.0242" asserts="0" success="True" result="Success" executed="True" />
              <test-case description="'h26265ohxg001.yml' is a valid yaml" name="Validate All Definition Files.'h26265ohxg001.yml' is a valid yaml" time="0.0221" asserts="0" success="True" result="Success" executed="True" />
              <test-case description="'h26267ohay000.yml' is a valid yaml" name="Validate All Definition Files.'h26267ohay000.yml' is a valid yaml" time="0.0241" asserts="0" success="True" result="Success" executed="True" />
              <test-case description="'h2626uohec002.yml' is a valid yaml" name="Validate All Definition Files.'h2626uohec002.yml' is a valid yaml" time="0.0239" asserts="0" success="True" result="Success" executed="True" />
              <test-case description="'h2626uohec005.yml' is a valid yaml" name="Validate All Definition Files.'h2626uohec005.yml' is a valid yaml" time="0.1108" asserts="0" success="True" result="Success" executed="True" />
              <test-case description="'h2626uohec504.yml' is a valid yaml" name="Validate All Definition Files.'h2626uohec504.yml' is a valid yaml" time="0.0168" asserts="0" success="True" result="Success" executed="True" />
              <test-case description="'h2626uohec505.yml' is a valid yaml" name="Validate All Definition Files.'h2626uohec505.yml' is a valid yaml" time="0.1741" asserts="0" success="True" result="Success" executed="True" />
              <test-case description="'l26265orms500.yml' is a valid yaml" name="Validate All Definition Files.'l26265orms500.yml' is a valid yaml" time="0.0234" asserts="0" success="True" result="Success" executed="True" />
              <test-case description="'l2626xordz001.yml' is a valid yaml" name="Validate All Definition Files.'l2626xordz001.yml' is a valid yaml" time="0.0244" asserts="0" success="True" result="Success" executed="True" />
              <test-case description="'l2626xorec501.yml' is a valid yaml" name="Validate All Definition Files.'l2626xorec501.yml' is a valid yaml" time="0.0237" asserts="0" success="True" result="Success" executed="True" />
              <test-case description="'l2626xorec503.yml' is a valid yaml" name="Validate All Definition Files.'l2626xorec503.yml' is a valid yaml" time="0.0231" asserts="0" success="True" result="Success" executed="True" />
              <test-case description="'n26265gams500.yml' is a valid yaml" name="Validate All Definition Files.'n26265gams500.yml' is a valid yaml" time="0.0238" asserts="0" success="True" result="Success" executed="True" />
              <test-case description="'n2626ugadz003.yml' is a valid yaml" name="Validate All Definition Files.'n2626ugadz003.yml' is a valid yaml" time="0.01" asserts="0" success="True" result="Success" executed="True" />
              <test-case description="'n2626ugaec501.yml' is a valid yaml" name="Validate All Definition Files.'n2626ugaec501.yml' is a valid yaml" time="0.0297" asserts="0" success="True" result="Success" executed="True" />
              <test-case description="'n2626ugaec502.yml' is a valid yaml" name="Validate All Definition Files.'n2626ugaec502.yml' is a valid yaml" time="0.0158" asserts="0" success="True" result="Success" executed="True" />
              <test-case description="'narbuild01-bversion.yml' is a valid yaml" name="Validate All Definition Files.'narbuild01-bversion.yml' is a valid yaml" time="0.0204" asserts="0" success="True" result="Success" executed="True" />
              <test-case description="'narbuild01.yml' is a valid yaml" name="Validate All Definition Files.'narbuild01.yml' is a valid yaml" time="0.0161" asserts="0" success="True" result="Success" executed="True" />
              <test-case description="'nbu-media.yml' is a valid yaml" name="Validate All Definition Files.'nbu-media.yml' is a valid yaml" time="0.0069" asserts="0" success="True" result="Success" executed="True" />
              <test-case description="'newbuild01.yml' is a valid yaml" name="Validate All Definition Files.'newbuild01.yml' is a valid yaml" time="0.0574" asserts="0" success="True" result="Success" executed="True" />
              <test-case description="'p26265orms500.yml' is a valid yaml" name="Validate All Definition Files.'p26265orms500.yml' is a valid yaml" time="0.026" asserts="0" success="True" result="Success" executed="True" />
              <test-case description="'p26267orec504.yml' is a valid yaml" name="Validate All Definition Files.'p26267orec504.yml' is a valid yaml" time="0.0459" asserts="0" success="True" result="Success" executed="True" />
              <test-case description="'p2626xorec501.yml' is a valid yaml" name="Validate All Definition Files.'p2626xorec501.yml' is a valid yaml" time="0.0283" asserts="0" success="True" result="Success" executed="True" />
              <test-case description="'p2626xorec503.yml' is a valid yaml" name="Validate All Definition Files.'p2626xorec503.yml' is a valid yaml" time="0.0261" asserts="0" success="True" result="Success" executed="True" />
              <test-case description="'p2626xorth005.yml' is a valid yaml" name="Validate All Definition Files.'p2626xorth005.yml' is a valid yaml" time="0.0316" asserts="0" success="True" result="Success" executed="True" />
              <test-case description="'p2626xorth009.yml' is a valid yaml" name="Validate All Definition Files.'p2626xorth009.yml' is a valid yaml" time="0.024" asserts="0" success="True" result="Success" executed="True" />
              <test-case description="'q26265mnms500.yml' is a valid yaml" name="Validate All Definition Files.'q26265mnms500.yml' is a valid yaml" time="0.0264" asserts="0" success="True" result="Success" executed="True" />
              <test-case description="'q2626xmnay001.yml' is a valid yaml" name="Validate All Definition Files.'q2626xmnay001.yml' is a valid yaml" time="0.0238" asserts="0" success="True" result="Success" executed="True" />
              <test-case description="'q2626xmnay002.yml' is a valid yaml" name="Validate All Definition Files.'q2626xmnay002.yml' is a valid yaml" time="0.0243" asserts="0" success="True" result="Success" executed="True" />
              <test-case description="'q2626xmndz101.yml' is a valid yaml" name="Validate All Definition Files.'q2626xmndz101.yml' is a valid yaml" time="0.0262" asserts="0" success="True" result="Success" executed="True" />
              <test-case description="'q2626xmnec003.yml' is a valid yaml" name="Validate All Definition Files.'q2626xmnec003.yml' is a valid yaml" time="0.0167" asserts="0" success="True" result="Success" executed="True" />
              <test-case description="'q2626xmntf001.yml' is a valid yaml" name="Validate All Definition Files.'q2626xmntf001.yml' is a valid yaml" time="0.0153" asserts="0" success="True" result="Success" executed="True" />
              <test-case description="'rtpbuild01.yml' is a valid yaml" name="Validate All Definition Files.'rtpbuild01.yml' is a valid yaml" time="0.0157" asserts="0" success="True" result="Success" executed="True" />
              <test-case description="'rtpbuild02.yml' is a valid yaml" name="Validate All Definition Files.'rtpbuild02.yml' is a valid yaml" time="0.0159" asserts="0" success="True" result="Success" executed="True" />
              <test-case description="'rtpbuild03.yml' is a valid yaml" name="Validate All Definition Files.'rtpbuild03.yml' is a valid yaml" time="0.0159" asserts="0" success="True" result="Success" executed="True" />
              <test-case description="'rtpbuild04.yml' is a valid yaml" name="Validate All Definition Files.'rtpbuild04.yml' is a valid yaml" time="0.0639" asserts="0" success="True" result="Success" executed="True" />
              <test-case description="'v26265ncay000.yml' is a valid yaml" name="Validate All Definition Files.'v26265ncay000.yml' is a valid yaml" time="0.0168" asserts="0" success="True" result="Success" executed="True" />
              <test-case description="'v26265ncbg503.yml' is a valid yaml" name="Validate All Definition Files.'v26265ncbg503.yml' is a valid yaml" time="0.0177" asserts="0" success="True" result="Success" executed="True" />
              <test-case description="'v26265ncxg005.yml' is a valid yaml" name="Validate All Definition Files.'v26265ncxg005.yml' is a valid yaml" time="0.0491" asserts="0" success="True" result="Success" executed="True" />
              <test-case description="'v26265ncxg006.yml' is a valid yaml" name="Validate All Definition Files.'v26265ncxg006.yml' is a valid yaml" time="0.0253" asserts="0" success="True" result="Success" executed="True" />
              <test-case description="'v26265ncxg007.yml' is a valid yaml" name="Validate All Definition Files.'v26265ncxg007.yml' is a valid yaml" time="0.071" asserts="0" success="True" result="Success" executed="True" />
              <test-case description="'v26265ncxg008.yml' is a valid yaml" name="Validate All Definition Files.'v26265ncxg008.yml' is a valid yaml" time="0.0255" asserts="0" success="True" result="Success" executed="True" />
              <test-case description="'v26267mcec511.yml' is a valid yaml" name="Validate All Definition Files.'v26267mcec511.yml' is a valid yaml" time="0.028" asserts="0" success="True" result="Success" executed="True" />
              <test-case description="'v26267mcec512.yml' is a valid yaml" name="Validate All Definition Files.'v26267mcec512.yml' is a valid yaml" time="0.0271" asserts="0" success="True" result="Success" executed="True" />
              <test-case description="'v26267mcec605.yml' is a valid yaml" name="Validate All Definition Files.'v26267mcec605.yml' is a valid yaml" time="0.0285" asserts="0" success="True" result="Success" executed="True" />
              <test-case description="'v26267mcpk505.yml' is a valid yaml" name="Validate All Definition Files.'v26267mcpk505.yml' is a valid yaml" time="0.0274" asserts="0" success="True" result="Success" executed="True" />
              <test-case description="'v26267mcpk508.yml' is a valid yaml" name="Validate All Definition Files.'v26267mcpk508.yml' is a valid yaml" time="0.0272" asserts="0" success="True" result="Success" executed="True" />
              <test-case description="'v26267nchh503.yml' is a valid yaml" name="Validate All Definition Files.'v26267nchh503.yml' is a valid yaml" time="0.0272" asserts="0" success="True" result="Success" executed="True" />
              <test-case description="'v26267nchh601.yml' is a valid yaml" name="Validate All Definition Files.'v26267nchh601.yml' is a valid yaml" time="0.0152" asserts="0" success="True" result="Success" executed="True" />
              <test-case description="'v26267nchh602.yml' is a valid yaml" name="Validate All Definition Files.'v26267nchh602.yml' is a valid yaml" time="0.0158" asserts="0" success="True" result="Success" executed="True" />
              <test-case description="'v26267nchh801.yml' is a valid yaml" name="Validate All Definition Files.'v26267nchh801.yml' is a valid yaml" time="0.02" asserts="0" success="True" result="Success" executed="True" />
              <test-case description="'v26267nchh802.yml' is a valid yaml" name="Validate All Definition Files.'v26267nchh802.yml' is a valid yaml" time="0.0151" asserts="0" success="True" result="Success" executed="True" />
              <test-case description="'v26267ncpk507.yml' is a valid yaml" name="Validate All Definition Files.'v26267ncpk507.yml' is a valid yaml" time="0.0164" asserts="0" success="True" result="Success" executed="True" />
              <test-case description="'v26267ncpk514.yml' is a valid yaml" name="Validate All Definition Files.'v26267ncpk514.yml' is a valid yaml" time="0.0154" asserts="0" success="True" result="Success" executed="True" />
              <test-case description="'v26267ncpk515.yml' is a valid yaml" name="Validate All Definition Files.'v26267ncpk515.yml' is a valid yaml" time="0.0757" asserts="0" success="True" result="Success" executed="True" />
              <test-case description="'v26267ncpk601.yml' is a valid yaml" name="Validate All Definition Files.'v26267ncpk601.yml' is a valid yaml" time="0.0153" asserts="0" success="True" result="Success" executed="True" />
              <test-case description="'v26267ncpk611.yml' is a valid yaml" name="Validate All Definition Files.'v26267ncpk611.yml' is a valid yaml" time="0.0389" asserts="0" success="True" result="Success" executed="True" />
              <test-case description="'v26267ncpk612.yml' is a valid yaml" name="Validate All Definition Files.'v26267ncpk612.yml' is a valid yaml" time="0.0242" asserts="0" success="True" result="Success" executed="True" />
              <test-case description="'v26267ncsp502.yml' is a valid yaml" name="Validate All Definition Files.'v26267ncsp502.yml' is a valid yaml" time="0.0306" asserts="0" success="True" result="Success" executed="True" />
              <test-case description="'v26267ncsp503.yml' is a valid yaml" name="Validate All Definition Files.'v26267ncsp503.yml' is a valid yaml" time="0.063" asserts="0" success="True" result="Success" executed="True" />
              <test-case description="'v26267ncsp525.yml' is a valid yaml" name="Validate All Definition Files.'v26267ncsp525.yml' is a valid yaml" time="0.024" asserts="0" success="True" result="Success" executed="True" />
              <test-case description="'v26267ncth503.yml' is a valid yaml" name="Validate All Definition Files.'v26267ncth503.yml' is a valid yaml" time="0.0285" asserts="0" success="True" result="Success" executed="True" />
              <test-case description="'v26267ncth504.yml' is a valid yaml" name="Validate All Definition Files.'v26267ncth504.yml' is a valid yaml" time="0.0255" asserts="0" success="True" result="Success" executed="True" />
              <test-case description="'v26267ncth505.yml' is a valid yaml" name="Validate All Definition Files.'v26267ncth505.yml' is a valid yaml" time="0.0238" asserts="0" success="True" result="Success" executed="True" />
              <test-case description="'v26267ncth508.yml' is a valid yaml" name="Validate All Definition Files.'v26267ncth508.yml' is a valid yaml" time="0.0237" asserts="0" success="True" result="Success" executed="True" />
              <test-case description="'v2626umcec101.yml' is a valid yaml" name="Validate All Definition Files.'v2626umcec101.yml' is a valid yaml" time="0.0269" asserts="0" success="True" result="Success" executed="True" />
              <test-case description="'v2626umcec103.yml' is a valid yaml" name="Validate All Definition Files.'v2626umcec103.yml' is a valid yaml" time="0.021" asserts="0" success="True" result="Success" executed="True" />
              <test-case description="'v2626umcec704.yml' is a valid yaml" name="Validate All Definition Files.'v2626umcec704.yml' is a valid yaml" time="0.0158" asserts="0" success="True" result="Success" executed="True" />
              <test-case description="'v2626Umcms501.yml' is a valid yaml" name="Validate All Definition Files.'v2626Umcms501.yml' is a valid yaml" time="0.0174" asserts="0" success="True" result="Success" executed="True" />
              <test-case description="'z26265flms500.yml' is a valid yaml" name="Validate All Definition Files.'z26265flms500.yml' is a valid yaml" time="0.0163" asserts="0" success="True" result="Success" executed="True" />
              <test-case description="'z2626xfldz001.yml' is a valid yaml" name="Validate All Definition Files.'z2626xfldz001.yml' is a valid yaml" time="0.0161" asserts="0" success="True" result="Success" executed="True" />
              <test-case description="'z2626xflec003.yml' is a valid yaml" name="Validate All Definition Files.'z2626xflec003.yml' is a valid yaml" time="0.0162" asserts="0" success="True" result="Success" executed="True" />
              <test-case description="'z2626xflec501.yml' is a valid yaml" name="Validate All Definition Files.'z2626xflec501.yml' is a valid yaml" time="0.0809" asserts="0" success="True" result="Success" executed="True" />
              <test-case description="'z2626xfltf001.yml' is a valid yaml" name="Validate All Definition Files.'z2626xfltf001.yml' is a valid yaml" time="0.0236" asserts="0" success="True" result="Success" executed="True" />
              <test-case description="'v26267ncpk526.yml' is a valid yaml" name="Validate All Definition Files.'v26267ncpk526.yml' is a valid yaml" time="0.0189" asserts="0" success="True" result="Success" executed="True" />
              <test-case description="'a26265rims500.yml' is a valid yaml" name="Validate All Definition Files.'a26265rims500.yml' is a valid yaml" time="0.0125" asserts="0" success="True" result="Success" executed="True" />
              <test-case description="'a26267rihh602.yml' is a valid yaml" name="Validate All Definition Files.'a26267rihh602.yml' is a valid yaml" time="0.029" asserts="0" success="True" result="Success" executed="True" />
              <test-case description="'a26267rith602.yml' is a valid yaml" name="Validate All Definition Files.'a26267rith602.yml' is a valid yaml" time="0.0334" asserts="0" success="True" result="Success" executed="True" />
              <test-case description="'a2626xridz001.yml' is a valid yaml" name="Validate All Definition Files.'a2626xridz001.yml' is a valid yaml" time="0.0177" asserts="0" success="True" result="Success" executed="True" />
              <test-case description="'a2626xriec001.yml' is a valid yaml" name="Validate All Definition Files.'a2626xriec001.yml' is a valid yaml" time="0.0508" asserts="0" success="True" result="Success" executed="True" />
              <test-case description="'a2626xriec502.yml' is a valid yaml" name="Validate All Definition Files.'a2626xriec502.yml' is a valid yaml" time="0.0197" asserts="0" success="True" result="Success" executed="True" />
              <test-case description="'a2626xrith004.yml' is a valid yaml" name="Validate All Definition Files.'a2626xrith004.yml' is a valid yaml" time="0.0187" asserts="0" success="True" result="Success" executed="True" />
              <test-case description="'adabuild01.yml' is a valid yaml" name="Validate All Definition Files.'adabuild01.yml' is a valid yaml" time="0.0187" asserts="0" success="True" result="Success" executed="True" />
              <test-case description="'cinbuild01.yml' is a valid yaml" name="Validate All Definition Files.'cinbuild01.yml' is a valid yaml" time="0.0188" asserts="0" success="True" result="Success" executed="True" />
              <test-case description="'cinbuild02.yml' is a valid yaml" name="Validate All Definition Files.'cinbuild02.yml' is a valid yaml" time="0.0185" asserts="0" success="True" result="Success" executed="True" />
              <test-case description="'corbuild01.yml' is a valid yaml" name="Validate All Definition Files.'corbuild01.yml' is a valid yaml" time="0.0179" asserts="0" success="True" result="Success" executed="True" />
              <test-case description="'corbuild02.yml' is a valid yaml" name="Validate All Definition Files.'corbuild02.yml' is a valid yaml" time="0.0164" asserts="0" success="True" result="Success" executed="True" />
              <test-case description="'dulbuild01.yml' is a valid yaml" name="Validate All Definition Files.'dulbuild01.yml' is a valid yaml" time="0.0154" asserts="0" success="True" result="Success" executed="True" />
              <test-case description="'f26267okhh601.yml' is a valid yaml" name="Validate All Definition Files.'f26267okhh601.yml' is a valid yaml" time="0.0108" asserts="0" success="True" result="Success" executed="True" />
              <test-case description="'f2626cokdz001.yml' is a valid yaml" name="Validate All Definition Files.'f2626cokdz001.yml' is a valid yaml" time="0.0116" asserts="0" success="True" result="Success" executed="True" />
              <test-case description="'f2626cokdz002.yml' is a valid yaml" name="Validate All Definition Files.'f2626cokdz002.yml' is a valid yaml" time="0.0113" asserts="0" success="True" result="Success" executed="True" />
              <test-case description="'f2626cokec001.yml' is a valid yaml" name="Validate All Definition Files.'f2626cokec001.yml' is a valid yaml" time="0.0113" asserts="0" success="True" result="Success" executed="True" />
              <test-case description="'f2626cokec501.yml' is a valid yaml" name="Validate All Definition Files.'f2626cokec501.yml' is a valid yaml" time="0.0113" asserts="0" success="True" result="Success" executed="True" />
              <test-case description="'gbrbuild01.yml' is a valid yaml" name="Validate All Definition Files.'gbrbuild01.yml' is a valid yaml" time="0.0107" asserts="0" success="True" result="Success" executed="True" />
              <test-case description="'h26265ohms500.yml' is a valid yaml" name="Validate All Definition Files.'h26265ohms500.yml' is a valid yaml" time="0.0112" asserts="0" success="True" result="Success" executed="True" />
              <test-case description="'h26265ohxg001.yml' is a valid yaml" name="Validate All Definition Files.'h26265ohxg001.yml' is a valid yaml" time="0.0107" asserts="0" success="True" result="Success" executed="True" />
              <test-case description="'h26267ohay000.yml' is a valid yaml" name="Validate All Definition Files.'h26267ohay000.yml' is a valid yaml" time="0.0245" asserts="0" success="True" result="Success" executed="True" />
              <test-case description="'h26267ohec506.yml' is a valid yaml" name="Validate All Definition Files.'h26267ohec506.yml' is a valid yaml" time="0.0749" asserts="0" success="True" result="Success" executed="True" />
              <test-case description="'h2626uohec002.yml' is a valid yaml" name="Validate All Definition Files.'h2626uohec002.yml' is a valid yaml" time="0.0186" asserts="0" success="True" result="Success" executed="True" />
              <test-case description="'h2626uohec005.yml' is a valid yaml" name="Validate All Definition Files.'h2626uohec005.yml' is a valid yaml" time="0.0186" asserts="0" success="True" result="Success" executed="True" />
              <test-case description="'h2626uohec504.yml' is a valid yaml" name="Validate All Definition Files.'h2626uohec504.yml' is a valid yaml" time="0.0184" asserts="0" success="True" result="Success" executed="True" />
              <test-case description="'h2626uohec505.yml' is a valid yaml" name="Validate All Definition Files.'h2626uohec505.yml' is a valid yaml" time="0.0187" asserts="0" success="True" result="Success" executed="True" />
              <test-case description="'l26265orms500.yml' is a valid yaml" name="Validate All Definition Files.'l26265orms500.yml' is a valid yaml" time="0.0207" asserts="0" success="True" result="Success" executed="True" />
              <test-case description="'l2626xordz001.yml' is a valid yaml" name="Validate All Definition Files.'l2626xordz001.yml' is a valid yaml" time="0.0889" asserts="0" success="True" result="Success" executed="True" />
              <test-case description="'l2626xorec501.yml' is a valid yaml" name="Validate All Definition Files.'l2626xorec501.yml' is a valid yaml" time="0.02" asserts="0" success="True" result="Success" executed="True" />
              <test-case description="'l2626xorec503.yml' is a valid yaml" name="Validate All Definition Files.'l2626xorec503.yml' is a valid yaml" time="0.0185" asserts="0" success="True" result="Success" executed="True" />
              <test-case description="'n26265gams500.yml' is a valid yaml" name="Validate All Definition Files.'n26265gams500.yml' is a valid yaml" time="0.0186" asserts="0" success="True" result="Success" executed="True" />
              <test-case description="'n2626ugadz003.yml' is a valid yaml" name="Validate All Definition Files.'n2626ugadz003.yml' is a valid yaml" time="0.0186" asserts="0" success="True" result="Success" executed="True" />
              <test-case description="'n2626ugaec501.yml' is a valid yaml" name="Validate All Definition Files.'n2626ugaec501.yml' is a valid yaml" time="0.0184" asserts="0" success="True" result="Success" executed="True" />
              <test-case description="'n2626ugaec502.yml' is a valid yaml" name="Validate All Definition Files.'n2626ugaec502.yml' is a valid yaml" time="0.0189" asserts="0" success="True" result="Success" executed="True" />
              <test-case description="'narbuild01.yml' is a valid yaml" name="Validate All Definition Files.'narbuild01.yml' is a valid yaml" time="0.0115" asserts="0" success="True" result="Success" executed="True" />
              <test-case description="'nbu-media.yml' is a valid yaml" name="Validate All Definition Files.'nbu-media.yml' is a valid yaml" time="0.0203" asserts="0" success="False" result="Failure" executed="True">
                <failure>
                  <message>Expected no exception to be thrown, but an exception "Exception calling "Load" with "1" argument(s): "(Line: 15, Col: 7, Idx: 508) - (Line: 15, Col: 7, Idx: 508): While parsing a block mapping, did not find expected key."" was thrown from D:\DSC\try16\DscWorkshop\DSC\BuildOutput\Modules\PowerShell-Yaml\0.4.2\powershell-yaml.psm1:249 char:22
    + ... documents = Get-YamlDocuments -Yaml $d -UseMergingParser:$UseMergingP ...
    +                 ~~~~~~~~~~~~~~~~~~~~~~~~~~~~~~~~~~~~~~~~~~~~~~~~~~~~~~~~~.</message>
                  <stack-trace>at &lt;ScriptBlock&gt;, D:\DSC\try16\DscWorkshop\DSC\Tests\ConfigData\ConfigData.Tests.ps1: line 25
25:             { $content | ConvertFrom-Yaml } | Should -Not -Throw</stack-trace>
                </failure>
              </test-case>
              <test-case description="'newbuild01.yml' is a valid yaml" name="Validate All Definition Files.'newbuild01.yml' is a valid yaml" time="0.0683" asserts="0" success="True" result="Success" executed="True" />
              <test-case description="'p26265orms500.yml' is a valid yaml" name="Validate All Definition Files.'p26265orms500.yml' is a valid yaml" time="0.0189" asserts="0" success="True" result="Success" executed="True" />
              <test-case description="'p26267orec504.yml' is a valid yaml" name="Validate All Definition Files.'p26267orec504.yml' is a valid yaml" time="0.0187" asserts="0" success="True" result="Success" executed="True" />
              <test-case description="'p2626xorec501.yml' is a valid yaml" name="Validate All Definition Files.'p2626xorec501.yml' is a valid yaml" time="0.0263" asserts="0" success="True" result="Success" executed="True" />
              <test-case description="'p2626xorec503.yml' is a valid yaml" name="Validate All Definition Files.'p2626xorec503.yml' is a valid yaml" time="0.0225" asserts="0" success="True" result="Success" executed="True" />
              <test-case description="'p2626xorth005.yml' is a valid yaml" name="Validate All Definition Files.'p2626xorth005.yml' is a valid yaml" time="0.0178" asserts="0" success="True" result="Success" executed="True" />
              <test-case description="'p2626xorth009.yml' is a valid yaml" name="Validate All Definition Files.'p2626xorth009.yml' is a valid yaml" time="0.0165" asserts="0" success="True" result="Success" executed="True" />
              <test-case description="'q26265mnms500.yml' is a valid yaml" name="Validate All Definition Files.'q26265mnms500.yml' is a valid yaml" time="0.0519" asserts="0" success="True" result="Success" executed="True" />
              <test-case description="'q2626xmnay001.yml' is a valid yaml" name="Validate All Definition Files.'q2626xmnay001.yml' is a valid yaml" time="0.0167" asserts="0" success="True" result="Success" executed="True" />
              <test-case description="'q2626xmnay002.yml' is a valid yaml" name="Validate All Definition Files.'q2626xmnay002.yml' is a valid yaml" time="0.0185" asserts="0" success="True" result="Success" executed="True" />
              <test-case description="'q2626xmndz101.yml' is a valid yaml" name="Validate All Definition Files.'q2626xmndz101.yml' is a valid yaml" time="0.0197" asserts="0" success="True" result="Success" executed="True" />
              <test-case description="'q2626xmnec003.yml' is a valid yaml" name="Validate All Definition Files.'q2626xmnec003.yml' is a valid yaml" time="0.0192" asserts="0" success="True" result="Success" executed="True" />
              <test-case description="'q2626xmntf001.yml' is a valid yaml" name="Validate All Definition Files.'q2626xmntf001.yml' is a valid yaml" time="0.0175" asserts="0" success="True" result="Success" executed="True" />
              <test-case description="'rtpbuild01.yml' is a valid yaml" name="Validate All Definition Files.'rtpbuild01.yml' is a valid yaml" time="0.0179" asserts="0" success="True" result="Success" executed="True" />
              <test-case description="'rtpbuild02.yml' is a valid yaml" name="Validate All Definition Files.'rtpbuild02.yml' is a valid yaml" time="0.0125" asserts="0" success="True" result="Success" executed="True" />
              <test-case description="'rtpbuild03.yml' is a valid yaml" name="Validate All Definition Files.'rtpbuild03.yml' is a valid yaml" time="0.011" asserts="0" success="True" result="Success" executed="True" />
              <test-case description="'rtpbuild04.yml' is a valid yaml" name="Validate All Definition Files.'rtpbuild04.yml' is a valid yaml" time="0.0108" asserts="0" success="True" result="Success" executed="True" />
              <test-case description="'v26265ncay000.yml' is a valid yaml" name="Validate All Definition Files.'v26265ncay000.yml' is a valid yaml" time="0.0112" asserts="0" success="True" result="Success" executed="True" />
              <test-case description="'v26265ncbg503.yml' is a valid yaml" name="Validate All Definition Files.'v26265ncbg503.yml' is a valid yaml" time="0.0111" asserts="0" success="True" result="Success" executed="True" />
              <test-case description="'v26265ncxg005.yml' is a valid yaml" name="Validate All Definition Files.'v26265ncxg005.yml' is a valid yaml" time="0.0105" asserts="0" success="True" result="Success" executed="True" />
              <test-case description="'v26265ncxg006.yml' is a valid yaml" name="Validate All Definition Files.'v26265ncxg006.yml' is a valid yaml" time="0.0105" asserts="0" success="True" result="Success" executed="True" />
              <test-case description="'v26265ncxg007.yml' is a valid yaml" name="Validate All Definition Files.'v26265ncxg007.yml' is a valid yaml" time="0.0141" asserts="0" success="True" result="Success" executed="True" />
              <test-case description="'v26265ncxg008.yml' is a valid yaml" name="Validate All Definition Files.'v26265ncxg008.yml' is a valid yaml" time="0.0108" asserts="0" success="True" result="Success" executed="True" />
              <test-case description="'v26267mcec511.yml' is a valid yaml" name="Validate All Definition Files.'v26267mcec511.yml' is a valid yaml" time="0.013" asserts="0" success="True" result="Success" executed="True" />
              <test-case description="'v26267mcec512.yml' is a valid yaml" name="Validate All Definition Files.'v26267mcec512.yml' is a valid yaml" time="0.0361" asserts="0" success="True" result="Success" executed="True" />
              <test-case description="'v26267mcec605.yml' is a valid yaml" name="Validate All Definition Files.'v26267mcec605.yml' is a valid yaml" time="0.0191" asserts="0" success="True" result="Success" executed="True" />
              <test-case description="'v26267mcpk505.yml' is a valid yaml" name="Validate All Definition Files.'v26267mcpk505.yml' is a valid yaml" time="0.0182" asserts="0" success="True" result="Success" executed="True" />
              <test-case description="'v26267mcpk508.yml' is a valid yaml" name="Validate All Definition Files.'v26267mcpk508.yml' is a valid yaml" time="0.0164" asserts="0" success="True" result="Success" executed="True" />
              <test-case description="'v26267nchh503.yml' is a valid yaml" name="Validate All Definition Files.'v26267nchh503.yml' is a valid yaml" time="0.0186" asserts="0" success="True" result="Success" executed="True" />
              <test-case description="'v26267nchh601.yml' is a valid yaml" name="Validate All Definition Files.'v26267nchh601.yml' is a valid yaml" time="0.0165" asserts="0" success="True" result="Success" executed="True" />
              <test-case description="'v26267nchh602.yml' is a valid yaml" name="Validate All Definition Files.'v26267nchh602.yml' is a valid yaml" time="0.0177" asserts="0" success="True" result="Success" executed="True" />
              <test-case description="'v26267nchh801.yml' is a valid yaml" name="Validate All Definition Files.'v26267nchh801.yml' is a valid yaml" time="0.0179" asserts="0" success="True" result="Success" executed="True" />
              <test-case description="'v26267nchh802.yml' is a valid yaml" name="Validate All Definition Files.'v26267nchh802.yml' is a valid yaml" time="0.0169" asserts="0" success="True" result="Success" executed="True" />
              <test-case description="'v26267ncpk507.yml' is a valid yaml" name="Validate All Definition Files.'v26267ncpk507.yml' is a valid yaml" time="0.0184" asserts="0" success="True" result="Success" executed="True" />
              <test-case description="'v26267ncpk514.yml' is a valid yaml" name="Validate All Definition Files.'v26267ncpk514.yml' is a valid yaml" time="0.0195" asserts="0" success="True" result="Success" executed="True" />
              <test-case description="'v26267ncpk515.yml' is a valid yaml" name="Validate All Definition Files.'v26267ncpk515.yml' is a valid yaml" time="0.0164" asserts="0" success="True" result="Success" executed="True" />
              <test-case description="'v26267ncpk601.yml' is a valid yaml" name="Validate All Definition Files.'v26267ncpk601.yml' is a valid yaml" time="0.0627" asserts="0" success="True" result="Success" executed="True" />
              <test-case description="'v26267ncpk611.yml' is a valid yaml" name="Validate All Definition Files.'v26267ncpk611.yml' is a valid yaml" time="0.0107" asserts="0" success="True" result="Success" executed="True" />
              <test-case description="'v26267ncpk612.yml' is a valid yaml" name="Validate All Definition Files.'v26267ncpk612.yml' is a valid yaml" time="0.011" asserts="0" success="True" result="Success" executed="True" />
              <test-case description="'v26267ncsp502.yml' is a valid yaml" name="Validate All Definition Files.'v26267ncsp502.yml' is a valid yaml" time="0.018" asserts="0" success="True" result="Success" executed="True" />
              <test-case description="'v26267ncsp503.yml' is a valid yaml" name="Validate All Definition Files.'v26267ncsp503.yml' is a valid yaml" time="0.015" asserts="0" success="True" result="Success" executed="True" />
              <test-case description="'v26267ncsp525.yml' is a valid yaml" name="Validate All Definition Files.'v26267ncsp525.yml' is a valid yaml" time="0.0107" asserts="0" success="True" result="Success" executed="True" />
              <test-case description="'v26267ncth503.yml' is a valid yaml" name="Validate All Definition Files.'v26267ncth503.yml' is a valid yaml" time="0.0105" asserts="0" success="True" result="Success" executed="True" />
              <test-case description="'v26267ncth504.yml' is a valid yaml" name="Validate All Definition Files.'v26267ncth504.yml' is a valid yaml" time="0.077" asserts="0" success="True" result="Success" executed="True" />
              <test-case description="'v26267ncth505.yml' is a valid yaml" name="Validate All Definition Files.'v26267ncth505.yml' is a valid yaml" time="0.0112" asserts="0" success="True" result="Success" executed="True" />
              <test-case description="'v26267ncth508.yml' is a valid yaml" name="Validate All Definition Files.'v26267ncth508.yml' is a valid yaml" time="0.0105" asserts="0" success="True" result="Success" executed="True" />
              <test-case description="'v2626umcec101.yml' is a valid yaml" name="Validate All Definition Files.'v2626umcec101.yml' is a valid yaml" time="0.0372" asserts="0" success="True" result="Success" executed="True" />
              <test-case description="'v2626umcec103.yml' is a valid yaml" name="Validate All Definition Files.'v2626umcec103.yml' is a valid yaml" time="0.0187" asserts="0" success="True" result="Success" executed="True" />
              <test-case description="'v2626umcec704.yml' is a valid yaml" name="Validate All Definition Files.'v2626umcec704.yml' is a valid yaml" time="0.0188" asserts="0" success="True" result="Success" executed="True" />
              <test-case description="'v2626Umcms501.yml' is a valid yaml" name="Validate All Definition Files.'v2626Umcms501.yml' is a valid yaml" time="0.019" asserts="0" success="True" result="Success" executed="True" />
              <test-case description="'v2626umcpk502.yml' is a valid yaml" name="Validate All Definition Files.'v2626umcpk502.yml' is a valid yaml" time="0.019" asserts="0" success="True" result="Success" executed="True" />
              <test-case description="'z26265flms500.yml' is a valid yaml" name="Validate All Definition Files.'z26265flms500.yml' is a valid yaml" time="0.017" asserts="0" success="True" result="Success" executed="True" />
              <test-case description="'z2626xfldz001.yml' is a valid yaml" name="Validate All Definition Files.'z2626xfldz001.yml' is a valid yaml" time="0.0191" asserts="0" success="True" result="Success" executed="True" />
              <test-case description="'z2626xflec003.yml' is a valid yaml" name="Validate All Definition Files.'z2626xflec003.yml' is a valid yaml" time="0.0192" asserts="0" success="True" result="Success" executed="True" />
              <test-case description="'z2626xflec501.yml' is a valid yaml" name="Validate All Definition Files.'z2626xflec501.yml' is a valid yaml" time="0.0494" asserts="0" success="True" result="Success" executed="True" />
              <test-case description="'z2626xfltf001.yml' is a valid yaml" name="Validate All Definition Files.'z2626xfltf001.yml' is a valid yaml" time="0.0181" asserts="0" success="True" result="Success" executed="True" />
              <test-case description="'2016.yml' is a valid yaml" name="Validate All Definition Files.'2016.yml' is a valid yaml" time="0.0065" asserts="0" success="True" result="Success" executed="True" />
              <test-case description="'2019.yml' is a valid yaml" name="Validate All Definition Files.'2019.yml' is a valid yaml" time="0.0134" asserts="0" success="True" result="Success" executed="True" />
              <test-case description="'Dev.yml' is a valid yaml" name="Validate All Definition Files.'Dev.yml' is a valid yaml" time="0.0203" asserts="0" success="True" result="Success" executed="True" />
              <test-case description="'Prod.yml' is a valid yaml" name="Validate All Definition Files.'Prod.yml' is a valid yaml" time="0.0095" asserts="0" success="True" result="Success" executed="True" />
              <test-case description="'Test.yml' is a valid yaml" name="Validate All Definition Files.'Test.yml' is a valid yaml" time="0.0098" asserts="0" success="True" result="Success" executed="True" />
              <test-case description="'Section1.yml' is a valid yaml" name="Validate All Definition Files.'Section1.yml' is a valid yaml" time="0.0097" asserts="0" success="True" result="Success" executed="True" />
              <test-case description="'Section2.yml' is a valid yaml" name="Validate All Definition Files.'Section2.yml' is a valid yaml" time="0.0092" asserts="0" success="True" result="Success" executed="True" />
              <test-case description="'ADA.yml' is a valid yaml" name="Validate All Definition Files.'ADA.yml' is a valid yaml" time="0.0118" asserts="0" success="True" result="Success" executed="True" />
              <test-case description="'ATH.yml' is a valid yaml" name="Validate All Definition Files.'ATH.yml' is a valid yaml" time="0.014" asserts="0" success="True" result="Success" executed="True" />
              <test-case description="'CIN.yml' is a valid yaml" name="Validate All Definition Files.'CIN.yml' is a valid yaml" time="0.0119" asserts="0" success="True" result="Success" executed="True" />
              <test-case description="'COR.yml' is a valid yaml" name="Validate All Definition Files.'COR.yml' is a valid yaml" time="0.0125" asserts="0" success="True" result="Success" executed="True" />
              <test-case description="'DUL.yml' is a valid yaml" name="Validate All Definition Files.'DUL.yml' is a valid yaml" time="0.0115" asserts="0" success="True" result="Success" executed="True" />
              <test-case description="'GBR.yml' is a valid yaml" name="Validate All Definition Files.'GBR.yml' is a valid yaml" time="0.0646" asserts="0" success="True" result="Success" executed="True" />
              <test-case description="'NAR.yml' is a valid yaml" name="Validate All Definition Files.'NAR.yml' is a valid yaml" time="0.0201" asserts="0" success="True" result="Success" executed="True" />
              <test-case description="'NEW.yml' is a valid yaml" name="Validate All Definition Files.'NEW.yml' is a valid yaml" time="0.0232" asserts="0" success="True" result="Success" executed="True" />
              <test-case description="'RTP.yml' is a valid yaml" name="Validate All Definition Files.'RTP.yml' is a valid yaml" time="0.0272" asserts="0" success="True" result="Success" executed="True" />
              <test-case description="'n26267gams500.yml' is a valid yaml" name="Validate All Definition Files.'n26267gams500.yml' is a valid yaml" time="0.0257" asserts="0" success="True" result="Success" executed="True" />
              <test-case description="'n26267gapk001.yml' is a valid yaml" name="Validate All Definition Files.'n26267gapk001.yml' is a valid yaml" time="0.0256" asserts="0" success="True" result="Success" executed="True" />
              <test-case description="'v26267ncec202.yml' is a valid yaml" name="Validate All Definition Files.'v26267ncec202.yml' is a valid yaml" time="0.04" asserts="0" success="True" result="Success" executed="True" />
              <test-case description="'adabuild01.yml' is a valid yaml" name="Validate All Definition Files.'adabuild01.yml' is a valid yaml" time="0.0304" asserts="0" success="True" result="Success" executed="True" />
              <test-case description="'athbuild01.yml' is a valid yaml" name="Validate All Definition Files.'athbuild01.yml' is a valid yaml" time="0.0265" asserts="0" success="True" result="Success" executed="True" />
              <test-case description="'narbuild01.yml' is a valid yaml" name="Validate All Definition Files.'narbuild01.yml' is a valid yaml" time="0.029" asserts="0" success="True" result="Success" executed="True" />
              <test-case description="'p26267orec502.yml' is a valid yaml" name="Validate All Definition Files.'p26267orec502.yml' is a valid yaml" time="0.0262" asserts="0" success="True" result="Success" executed="True" />
              <test-case description="'q26265mnay005.yml' is a valid yaml" name="Validate All Definition Files.'q26265mnay005.yml' is a valid yaml" time="0.0287" asserts="0" success="True" result="Success" executed="True" />
              <test-case description="'q26267mnhh602.yml' is a valid yaml" name="Validate All Definition Files.'q26267mnhh602.yml' is a valid yaml" time="0.0244" asserts="0" success="True" result="Success" executed="True" />
              <test-case description="'v26267ncay509.yml' is a valid yaml" name="Validate All Definition Files.'v26267ncay509.yml' is a valid yaml" time="0.0163" asserts="0" success="True" result="Success" executed="True" />
              <test-case description="'h26267ohpk611.yml' is a valid yaml" name="Validate All Definition Files.'h26267ohpk611.yml' is a valid yaml" time="0.0153" asserts="0" success="True" result="Success" executed="True" />
              <test-case description="'v26267ncay511.yml' is a valid yaml" name="Validate All Definition Files.'v26267ncay511.yml' is a valid yaml" time="0.0158" asserts="0" success="True" result="Success" executed="True" />
              <test-case description="'v26267ncxg005.yml' is a valid yaml" name="Validate All Definition Files.'v26267ncxg005.yml' is a valid yaml" time="0.0162" asserts="0" success="True" result="Success" executed="True" />
              <test-case description="'v26267ncxg006.yml' is a valid yaml" name="Validate All Definition Files.'v26267ncxg006.yml' is a valid yaml" time="0.0157" asserts="0" success="True" result="Success" executed="True" />
              <test-case description="'v26267ncxg007.yml' is a valid yaml" name="Validate All Definition Files.'v26267ncxg007.yml' is a valid yaml" time="0.0156" asserts="0" success="True" result="Success" executed="True" />
              <test-case description="'v26267ncxg008.yml' is a valid yaml" name="Validate All Definition Files.'v26267ncxg008.yml' is a valid yaml" time="0.0159" asserts="0" success="True" result="Success" executed="True" />
              <test-case description="'h26267ohhh001.yml' is a valid yaml" name="Validate All Definition Files.'h26267ohhh001.yml' is a valid yaml" time="0.0781" asserts="0" success="True" result="Success" executed="True" />
              <test-case description="'v26267nchh001.yml' is a valid yaml" name="Validate All Definition Files.'v26267nchh001.yml' is a valid yaml" time="0.0159" asserts="0" success="True" result="Success" executed="True" />
              <test-case description="'DomainController.yml' is a valid yaml" name="Validate All Definition Files.'DomainController.yml' is a valid yaml" time="0.0163" asserts="0" success="True" result="Success" executed="True" />
              <test-case description="'DscBaseline.yml' is a valid yaml" name="Validate All Definition Files.'DscBaseline.yml' is a valid yaml" time="0.0416" asserts="0" success="True" result="Success" executed="True" />
              <test-case description="'FileServer.yml' is a valid yaml" name="Validate All Definition Files.'FileServer.yml' is a valid yaml" time="0.0132" asserts="0" success="True" result="Success" executed="True" />
              <test-case description="'HardwareServer.yml' is a valid yaml" name="Validate All Definition Files.'HardwareServer.yml' is a valid yaml" time="0.0189" asserts="0" success="True" result="Success" executed="True" />
              <test-case description="'JustSmallFix.yml' is a valid yaml" name="Validate All Definition Files.'JustSmallFix.yml' is a valid yaml" time="0.0386" asserts="0" success="True" result="Success" executed="True" />
              <test-case description="'NetBackupServer.yml' is a valid yaml" name="Validate All Definition Files.'NetBackupServer.yml' is a valid yaml" time="0.0645" asserts="0" success="True" result="Success" executed="True" />
              <test-case description="'NoATPSmallFix.yml' is a valid yaml" name="Validate All Definition Files.'NoATPSmallFix.yml' is a valid yaml" time="0.0547" asserts="0" success="True" result="Success" executed="True" />
              <test-case description="'ORDBasicServer.yml' is a valid yaml" name="Validate All Definition Files.'ORDBasicServer.yml' is a valid yaml" time="0.097" asserts="0" success="True" result="Success" executed="True" />
              <test-case description="'SCCMServer.yml' is a valid yaml" name="Validate All Definition Files.'SCCMServer.yml' is a valid yaml" time="0.0126" asserts="0" success="True" result="Success" executed="True" />
              <test-case description="'SecondNIC.yml' is a valid yaml" name="Validate All Definition Files.'SecondNIC.yml' is a valid yaml" time="0.0315" asserts="0" success="True" result="Success" executed="True" />
              <test-case description="'ServerBaseline.yml' is a valid yaml" name="Validate All Definition Files.'ServerBaseline.yml' is a valid yaml" time="0.0308" asserts="0" success="True" result="Success" executed="True" />
              <test-case description="'ServerBaselineOrig.yml' is a valid yaml" name="Validate All Definition Files.'ServerBaselineOrig.yml' is a valid yaml" time="0.0266" asserts="0" success="True" result="Success" executed="True" />
              <test-case description="'TerminalServer.yml' is a valid yaml" name="Validate All Definition Files.'TerminalServer.yml' is a valid yaml" time="0.0119" asserts="0" success="True" result="Success" executed="True" />
              <test-case description="'WebServer.yml' is a valid yaml" name="Validate All Definition Files.'WebServer.yml' is a valid yaml" time="0.0805" asserts="0" success="True" result="Success" executed="True" />
              <test-case description="'a2626xridz001.yml' is a valid yaml" name="Validate All Definition Files.'a2626xridz001.yml' is a valid yaml" time="0.0168" asserts="0" success="True" result="Success" executed="True" />
              <test-case description="'a2626xriec001.yml' is a valid yaml" name="Validate All Definition Files.'a2626xriec001.yml' is a valid yaml" time="0.019" asserts="0" success="True" result="Success" executed="True" />
              <test-case description="'a2626xriec502.yml' is a valid yaml" name="Validate All Definition Files.'a2626xriec502.yml' is a valid yaml" time="0.0172" asserts="0" success="True" result="Success" executed="True" />
              <test-case description="'a26267ridz002.yml' is a valid yaml" name="Validate All Definition Files.'a26267ridz002.yml' is a valid yaml" time="0.0115" asserts="0" success="True" result="Success" executed="True" />
              <test-case description="'a26267rihh601.yml' is a valid yaml" name="Validate All Definition Files.'a26267rihh601.yml' is a valid yaml" time="0.0109" asserts="0" success="True" result="Success" executed="True" />
              <test-case description="'a2626xriec002.yml' is a valid yaml" name="Validate All Definition Files.'a2626xriec002.yml' is a valid yaml" time="0.0101" asserts="0" success="True" result="Success" executed="True" />
              <test-case description="'f26265okms500.yml' is a valid yaml" name="Validate All Definition Files.'f26265okms500.yml' is a valid yaml" time="0.0102" asserts="0" success="True" result="Success" executed="True" />
              <test-case description="'h26267ohhh001.yml' is a valid yaml" name="Validate All Definition Files.'h26267ohhh001.yml' is a valid yaml" time="0.01" asserts="0" success="True" result="Success" executed="True" />
              <test-case description="'h26267ohhh601.yml' is a valid yaml" name="Validate All Definition Files.'h26267ohhh601.yml' is a valid yaml" time="0.0103" asserts="0" success="True" result="Success" executed="True" />
              <test-case description="'l26267ordz002.yml' is a valid yaml" name="Validate All Definition Files.'l26267ordz002.yml' is a valid yaml" time="0.0091" asserts="0" success="True" result="Success" executed="True" />
              <test-case description="'l26267orhh601.yml' is a valid yaml" name="Validate All Definition Files.'l26267orhh601.yml' is a valid yaml" time="0.0101" asserts="0" success="True" result="Success" executed="True" />
              <test-case description="'n26267gadz002.yml' is a valid yaml" name="Validate All Definition Files.'n26267gadz002.yml' is a valid yaml" time="0.0104" asserts="0" success="True" result="Success" executed="True" />
              <test-case description="'n26267gahh601.yml' is a valid yaml" name="Validate All Definition Files.'n26267gahh601.yml' is a valid yaml" time="0.01" asserts="0" success="True" result="Success" executed="True" />
              <test-case description="'p26267orhh601.yml' is a valid yaml" name="Validate All Definition Files.'p26267orhh601.yml' is a valid yaml" time="0.0106" asserts="0" success="True" result="Success" executed="True" />
              <test-case description="'p2626xordz001.yml' is a valid yaml" name="Validate All Definition Files.'p2626xordz001.yml' is a valid yaml" time="0.0104" asserts="0" success="True" result="Success" executed="True" />
              <test-case description="'q26267mndz102.yml' is a valid yaml" name="Validate All Definition Files.'q26267mndz102.yml' is a valid yaml" time="0.0102" asserts="0" success="True" result="Success" executed="True" />
              <test-case description="'q26267mnhh601.yml' is a valid yaml" name="Validate All Definition Files.'q26267mnhh601.yml' is a valid yaml" time="0.0108" asserts="0" success="True" result="Success" executed="True" />
              <test-case description="'q2626xmnay003.yml' is a valid yaml" name="Validate All Definition Files.'q2626xmnay003.yml' is a valid yaml" time="0.0178" asserts="0" success="True" result="Success" executed="True" />
              <test-case description="'q2626xmnec001.yml' is a valid yaml" name="Validate All Definition Files.'q2626xmnec001.yml' is a valid yaml" time="0.0102" asserts="0" success="True" result="Success" executed="True" />
              <test-case description="'q2626xmnpk004.yml' is a valid yaml" name="Validate All Definition Files.'q2626xmnpk004.yml' is a valid yaml" time="0.01" asserts="0" success="True" result="Success" executed="True" />
              <test-case description="'v26265ncay502.yml' is a valid yaml" name="Validate All Definition Files.'v26265ncay502.yml' is a valid yaml" time="0.0131" asserts="0" success="True" result="Success" executed="True" />
              <test-case description="'v26265ncay504.yml' is a valid yaml" name="Validate All Definition Files.'v26265ncay504.yml' is a valid yaml" time="0.0068" asserts="0" success="True" result="Success" executed="True" />
              <test-case description="'v26267mcpk506.yml' is a valid yaml" name="Validate All Definition Files.'v26267mcpk506.yml' is a valid yaml" time="0.0068" asserts="0" success="True" result="Success" executed="True" />
              <test-case description="'v26267ncay506.yml' is a valid yaml" name="Validate All Definition Files.'v26267ncay506.yml' is a valid yaml" time="0.0069" asserts="0" success="True" result="Success" executed="True" />
              <test-case description="'v26267ncay507.yml' is a valid yaml" name="Validate All Definition Files.'v26267ncay507.yml' is a valid yaml" time="0.0068" asserts="0" success="True" result="Success" executed="True" />
              <test-case description="'v26267ncay508.yml' is a valid yaml" name="Validate All Definition Files.'v26267ncay508.yml' is a valid yaml" time="0.0077" asserts="0" success="True" result="Success" executed="True" />
              <test-case description="'v26267ncay510.yml' is a valid yaml" name="Validate All Definition Files.'v26267ncay510.yml' is a valid yaml" time="0.0069" asserts="0" success="True" result="Success" executed="True" />
              <test-case description="'v26267ncay516.yml' is a valid yaml" name="Validate All Definition Files.'v26267ncay516.yml' is a valid yaml" time="0.0068" asserts="0" success="True" result="Success" executed="True" />
              <test-case description="'v26267ncay520.yml' is a valid yaml" name="Validate All Definition Files.'v26267ncay520.yml' is a valid yaml" time="0.0072" asserts="0" success="True" result="Success" executed="True" />
              <test-case description="'v26267ncec201.yml' is a valid yaml" name="Validate All Definition Files.'v26267ncec201.yml' is a valid yaml" time="0.0198" asserts="0" success="True" result="Success" executed="True" />
              <test-case description="'v26267nchh000.yml' is a valid yaml" name="Validate All Definition Files.'v26267nchh000.yml' is a valid yaml" time="0.0064" asserts="0" success="True" result="Success" executed="True" />
              <test-case description="'v26267nchh001.yml' is a valid yaml" name="Validate All Definition Files.'v26267nchh001.yml' is a valid yaml" time="0.0074" asserts="0" success="True" result="Success" executed="True" />
              <test-case description="'v26267nchh510.yml' is a valid yaml" name="Validate All Definition Files.'v26267nchh510.yml' is a valid yaml" time="0.0067" asserts="0" success="True" result="Success" executed="True" />
              <test-case description="'v26267nchh602.yml' is a valid yaml" name="Validate All Definition Files.'v26267nchh602.yml' is a valid yaml" time="0.0066" asserts="0" success="True" result="Success" executed="True" />
              <test-case description="'v26267ncpk606.yml' is a valid yaml" name="Validate All Definition Files.'v26267ncpk606.yml' is a valid yaml" time="0.007" asserts="0" success="True" result="Success" executed="True" />
              <test-case description="'v26267ncpk609.yml' is a valid yaml" name="Validate All Definition Files.'v26267ncpk609.yml' is a valid yaml" time="0.008" asserts="0" success="True" result="Success" executed="True" />
              <test-case description="'v26267ncpk613.yml' is a valid yaml" name="Validate All Definition Files.'v26267ncpk613.yml' is a valid yaml" time="0.0105" asserts="0" success="True" result="Success" executed="True" />
              <test-case description="'v26267ncsp501.yml' is a valid yaml" name="Validate All Definition Files.'v26267ncsp501.yml' is a valid yaml" time="0.0097" asserts="0" success="True" result="Success" executed="True" />
              <test-case description="'v26267ncsp520.yml' is a valid yaml" name="Validate All Definition Files.'v26267ncsp520.yml' is a valid yaml" time="0.0115" asserts="0" success="True" result="Success" executed="True" />
              <test-case description="'v26267ncsp521.yml' is a valid yaml" name="Validate All Definition Files.'v26267ncsp521.yml' is a valid yaml" time="0.0124" asserts="0" success="True" result="Success" executed="True" />
              <test-case description="'v26267ncsp522.yml' is a valid yaml" name="Validate All Definition Files.'v26267ncsp522.yml' is a valid yaml" time="0.0102" asserts="0" success="True" result="Success" executed="True" />
              <test-case description="'v26267ncsp524.yml' is a valid yaml" name="Validate All Definition Files.'v26267ncsp524.yml' is a valid yaml" time="0.0098" asserts="0" success="True" result="Success" executed="True" />
              <test-case description="'v2626umcay514.yml' is a valid yaml" name="Validate All Definition Files.'v2626umcay514.yml' is a valid yaml" time="0.0091" asserts="0" success="True" result="Success" executed="True" />
              <test-case description="'v2626umcay515.yml' is a valid yaml" name="Validate All Definition Files.'v2626umcay515.yml' is a valid yaml" time="0.0105" asserts="0" success="True" result="Success" executed="True" />
              <test-case description="'v2626umcec104.yml' is a valid yaml" name="Validate All Definition Files.'v2626umcec104.yml' is a valid yaml" time="0.0105" asserts="0" success="True" result="Success" executed="True" />
              <test-case description="'v2626umcec505.yml' is a valid yaml" name="Validate All Definition Files.'v2626umcec505.yml' is a valid yaml" time="0.0101" asserts="0" success="True" result="Success" executed="True" />
              <test-case description="'v2626umchh503.yml' is a valid yaml" name="Validate All Definition Files.'v2626umchh503.yml' is a valid yaml" time="0.0104" asserts="0" success="True" result="Success" executed="True" />
              <test-case description="'v2626urtdz001.yml' is a valid yaml" name="Validate All Definition Files.'v2626urtdz001.yml' is a valid yaml" time="0.0098" asserts="0" success="True" result="Success" executed="True" />
              <test-case description="'v2626urtdz502.yml' is a valid yaml" name="Validate All Definition Files.'v2626urtdz502.yml' is a valid yaml" time="0.0089" asserts="0" success="True" result="Success" executed="True" />
              <test-case description="'v2626urtdz504.yml' is a valid yaml" name="Validate All Definition Files.'v2626urtdz504.yml' is a valid yaml" time="0.0103" asserts="0" success="True" result="Success" executed="True" />
              <test-case description="'v2626urtec102.yml' is a valid yaml" name="Validate All Definition Files.'v2626urtec102.yml' is a valid yaml" time="0.0105" asserts="0" success="True" result="Success" executed="True" />
              <test-case description="'z26267flhh501.yml' is a valid yaml" name="Validate All Definition Files.'z26267flhh501.yml' is a valid yaml" time="0.0105" asserts="0" success="True" result="Success" executed="True" />
              <test-case description="'z2626xfldz002.yml' is a valid yaml" name="Validate All Definition Files.'z2626xfldz002.yml' is a valid yaml" time="0.0106" asserts="0" success="True" result="Success" executed="True" />
              <test-case description="'v2626umcec505.yml' is a valid yaml" name="Validate All Definition Files.'v2626umcec505.yml' is a valid yaml" time="0.0244" asserts="0" success="True" result="Success" executed="True" />
              <test-case description="'v2626urtdz502.yml' is a valid yaml" name="Validate All Definition Files.'v2626urtdz502.yml' is a valid yaml" time="0.0233" asserts="0" success="True" result="Success" executed="True" />
              <test-case description="'v2626urtdz504.yml' is a valid yaml" name="Validate All Definition Files.'v2626urtdz504.yml' is a valid yaml" time="0.0241" asserts="0" success="True" result="Success" executed="True" />
              <test-case description="'Datum.yml' is a valid yaml" name="Validate All Definition Files.'Datum.yml' is a valid yaml" time="0.08" asserts="0" success="True" result="Success" executed="True" />
            </results>
          </test-suite>
          <test-suite type="TestFixture" name="Datum Tree Definition" executed="True" result="Success" success="True" time="0.1883" asserts="0" description="Datum Tree Definition">
            <results>
              <test-case description="Exists in DscConfigData Folder" name="Datum Tree Definition.Exists in DscConfigData Folder" time="0.0459" asserts="0" success="True" result="Success" executed="True" />
              <test-case description="is Valid Yaml" name="Datum Tree Definition.is Valid Yaml" time="0.0642" asserts="0" success="True" result="Success" executed="True" />
              <test-case description="'Get-FilteredConfigurationData' returned data" name="Datum Tree Definition.'Get-FilteredConfigurationData' returned data" time="0.02" asserts="0" success="True" result="Success" executed="True" />
            </results>
          </test-suite>
          <test-suite type="TestFixture" name="Node Definition Files" executed="True" result="Success" success="True" time="0.3925" asserts="0" description="Node Definition Files">
            <results>
              <test-case description="'D:\DSC\try16\DscWorkshop\DSC\DscConfigData\AllNodes\2019\rtpbuild02.yml' should not be duplicated" name="Node Definition Files.'D:\DSC\try16\DscWorkshop\DSC\DscConfigData\AllNodes\2019\rtpbuild02.yml' should not be duplicated" time="0.0689" asserts="0" success="True" result="Success" executed="True" />
              <test-case description="'rtpbuild02' has valid yaml" name="Node Definition Files.'rtpbuild02' has valid yaml" time="0.0311" asserts="0" success="True" result="Success" executed="True" />
              <test-case description="'rtpbuild02' is in the right environment" name="Node Definition Files.'rtpbuild02' is in the right environment" time="0.0446" asserts="0" success="True" result="Success" executed="True" />
              <test-case description="Location of 'rtpbuild02' is 'RTP' and does exist" name="Node Definition Files.Location of 'rtpbuild02' is 'RTP' and does exist" time="0.0393" asserts="0" success="True" result="Success" executed="True" />
              <test-case description="Environment of 'rtpbuild02' is '2019' and does exist" name="Node Definition Files.Environment of 'rtpbuild02' is '2019' and does exist" time="0.0294" asserts="0" success="True" result="Success" executed="True" />
            </results>
          </test-suite>
          <test-suite type="TestFixture" name="Roles Definition Files" executed="True" result="Success" success="True" time="0.0608" asserts="0" description="Roles Definition Files">
            <results />
          </test-suite>
          <test-suite type="TestFixture" name="Role Composition" executed="True" result="Success" success="True" time="1.2222" asserts="0" description="Role Composition">
            <results>
              <test-suite type="TestFixture" name="Nodes for environment 2012" executed="True" result="Success" success="True" time="0.2021" asserts="0" description="Nodes for environment 2012">
                <results />
              </test-suite>
              <test-suite type="TestFixture" name="Nodes for environment 2016" executed="True" result="Success" success="True" time="0.0341" asserts="0" description="Nodes for environment 2016">
                <results />
              </test-suite>
              <test-suite type="TestFixture" name="Nodes for environment 2019" executed="True" result="Success" success="True" time="0.8963" asserts="0" description="Nodes for environment 2019">
                <results>
                  <test-case description="rtpbuild02 has a valid Configurations Setting (!$null)" name="Role Composition.Nodes for environment 2019.rtpbuild02 has a valid Configurations Setting (!$null)" time="0.8288" asserts="0" success="True" result="Success" executed="True" />
                </results>
              </test-suite>
              <test-suite type="TestFixture" name="Nodes for environment Test" executed="True" result="Success" success="True" time="0.0321" asserts="0" description="Nodes for environment Test">
                <results />
              </test-suite>
            </results>
          </test-suite>
        </results>
      </test-suite>
    </results>
  </test-suite>
</test-results>